Determining if the include file dlfcn.h exists failed with the following output:
Change Dir: D:/Projects/expat-2.1.0-build/CMakeFiles/CMakeTmp

Run Build Command:nmake /NOLOGO  "cmTryCompileExec1367162096\fast"
	"D:\Program Files (x86)\Microsoft Visual Studio 10.0\VC\BIN\nmake.exe" -f CMakeFiles\cmTryCompileExec1367162096.dir\build.make /nologo -L                  CMakeFiles\cmTryCompileExec1367162096.dir\build
	"D:\Program Files (x86)\CMake 2.8\bin\cmake.exe" -E cmake_progress_report D:\Projects\expat-2.1.0-build\CMakeFiles\CMakeTmp\CMakeFiles 1
Building C object CMakeFiles/cmTryCompileExec1367162096.dir/CheckIncludeFile.c.obj
	D:\PROGRA~2\MICROS~1.0\VC\bin\cl.exe  @C:\Users\Cihan\AppData\Local\Temp\nm9EB5.tmp
CheckIncludeFile.c
D:\Projects\expat-2.1.0-build\CMakeFiles\CMakeTmp\CheckIncludeFile.c(1) : fatal error C1083: Cannot open include file: 'dlfcn.h': No such file or directory
NMAKE : fatal error U1077: 'D:\PROGRA~2\MICROS~1.0\VC\bin\cl.exe' : return code '0x2'
Stop.
NMAKE : fatal error U1077: '"D:\Program Files (x86)\Microsoft Visual Studio 10.0\VC\BIN\nmake.exe"' : return code '0x2'
Stop.


Determining if the include file inttypes.h exists failed with the following output:
Change Dir: D:/Projects/expat-2.1.0-build/CMakeFiles/CMakeTmp

Run Build Command:nmake /NOLOGO  "cmTryCompileExec1490296599\fast"
	"D:\Program Files (x86)\Microsoft Visual Studio 10.0\VC\BIN\nmake.exe" -f CMakeFiles\cmTryCompileExec1490296599.dir\build.make /nologo -L                  CMakeFiles\cmTryCompileExec1490296599.dir\build
	"D:\Program Files (x86)\CMake 2.8\bin\cmake.exe" -E cmake_progress_report D:\Projects\expat-2.1.0-build\CMakeFiles\CMakeTmp\CMakeFiles 1
Building C object CMakeFiles/cmTryCompileExec1490296599.dir/CheckIncludeFile.c.obj
	D:\PROGRA~2\MICROS~1.0\VC\bin\cl.exe  @C:\Users\Cihan\AppData\Local\Temp\nmA0C8.tmp
CheckIncludeFile.c
D:\Projects\expat-2.1.0-build\CMakeFiles\CMakeTmp\CheckIncludeFile.c(1) : fatal error C1083: Cannot open include file: 'inttypes.h': No such file or directory
NMAKE : fatal error U1077: 'D:\PROGRA~2\MICROS~1.0\VC\bin\cl.exe' : return code '0x2'
Stop.
NMAKE : fatal error U1077: '"D:\Program Files (x86)\Microsoft Visual Studio 10.0\VC\BIN\nmake.exe"' : return code '0x2'
Stop.


Determining if the include file strings.h exists failed with the following output:
Change Dir: D:/Projects/expat-2.1.0-build/CMakeFiles/CMakeTmp

Run Build Command:nmake /NOLOGO  "cmTryCompileExec423075887\fast"
	"D:\Program Files (x86)\Microsoft Visual Studio 10.0\VC\BIN\nmake.exe" -f CMakeFiles\cmTryCompileExec423075887.dir\build.make /nologo -L                  CMakeFiles\cmTryCompileExec423075887.dir\build
	"D:\Program Files (x86)\CMake 2.8\bin\cmake.exe" -E cmake_progress_report D:\Projects\expat-2.1.0-build\CMakeFiles\CMakeTmp\CMakeFiles 1
Building C object CMakeFiles/cmTryCompileExec423075887.dir/CheckIncludeFile.c.obj
	D:\PROGRA~2\MICROS~1.0\VC\bin\cl.exe  @C:\Users\Cihan\AppData\Local\Temp\nmA685.tmp
CheckIncludeFile.c
D:\Projects\expat-2.1.0-build\CMakeFiles\CMakeTmp\CheckIncludeFile.c(1) : fatal error C1083: Cannot open include file: 'strings.h': No such file or directory
NMAKE : fatal error U1077: 'D:\PROGRA~2\MICROS~1.0\VC\bin\cl.exe' : return code '0x2'
Stop.
NMAKE : fatal error U1077: '"D:\Program Files (x86)\Microsoft Visual Studio 10.0\VC\BIN\nmake.exe"' : return code '0x2'
Stop.


Determining if the include file unistd.h exists failed with the following output:
Change Dir: D:/Projects/expat-2.1.0-build/CMakeFiles/CMakeTmp

Run Build Command:nmake /NOLOGO  "cmTryCompileExec2282511314\fast"
	"D:\Program Files (x86)\Microsoft Visual Studio 10.0\VC\BIN\nmake.exe" -f CMakeFiles\cmTryCompileExec2282511314.dir\build.make /nologo -L                  CMakeFiles\cmTryCompileExec2282511314.dir\build
	"D:\Program Files (x86)\CMake 2.8\bin\cmake.exe" -E cmake_progress_report D:\Projects\expat-2.1.0-build\CMakeFiles\CMakeTmp\CMakeFiles 1
Building C object CMakeFiles/cmTryCompileExec2282511314.dir/CheckIncludeFile.c.obj
	D:\PROGRA~2\MICROS~1.0\VC\bin\cl.exe  @C:\Users\Cihan\AppData\Local\Temp\nmAB96.tmp
CheckIncludeFile.c
D:\Projects\expat-2.1.0-build\CMakeFiles\CMakeTmp\CheckIncludeFile.c(1) : fatal error C1083: Cannot open include file: 'unistd.h': No such file or directory
NMAKE : fatal error U1077: 'D:\PROGRA~2\MICROS~1.0\VC\bin\cl.exe' : return code '0x2'
Stop.
NMAKE : fatal error U1077: '"D:\Program Files (x86)\Microsoft Visual Studio 10.0\VC\BIN\nmake.exe"' : return code '0x2'
Stop.


Determining if the function getpagesize exists failed with the following output:
Change Dir: D:/Projects/expat-2.1.0-build/CMakeFiles/CMakeTmp

Run Build Command:nmake /NOLOGO  "cmTryCompileExec460669569\fast"
	"D:\Program Files (x86)\Microsoft Visual Studio 10.0\VC\BIN\nmake.exe" -f CMakeFiles\cmTryCompileExec460669569.dir\build.make /nologo -L                  CMakeFiles\cmTryCompileExec460669569.dir\build
	"D:\Program Files (x86)\CMake 2.8\bin\cmake.exe" -E cmake_progress_report D:\Projects\expat-2.1.0-build\CMakeFiles\CMakeTmp\CMakeFiles 1
Building C object CMakeFiles/cmTryCompileExec460669569.dir/CheckFunctionExists.c.obj
	D:\PROGRA~2\MICROS~1.0\VC\bin\cl.exe  @C:\Users\Cihan\AppData\Local\Temp\nmAC03.tmp
CheckFunctionExists.c
Linking C executable cmTryCompileExec460669569.exe
	"D:\Program Files (x86)\CMake 2.8\bin\cmake.exe" -E vs_link_exe D:\PROGRA~2\MICROS~1.0\VC\bin\link.exe /nologo @CMakeFiles\cmTryCompileExec460669569.dir\objects1.rsp @C:\Users\Cihan\AppData\Local\Temp\nmAC24.tmp
CheckFunctionExists.c.obj : error LNK2019: unresolved external symbol _getpagesize referenced in function _main
cmTryCompileExec460669569.exe : fatal error LNK1120: 1 unresolved externals
LINK Pass 1 failed. with 1120
NMAKE : fatal error U1077: '"D:\Program Files (x86)\CMake 2.8\bin\cmake.exe"' : return code '0xffffffff'
Stop.
NMAKE : fatal error U1077: '"D:\Program Files (x86)\Microsoft Visual Studio 10.0\VC\BIN\nmake.exe"' : return code '0x2'
Stop.


Determining if the function bcopy exists failed with the following output:
Change Dir: D:/Projects/expat-2.1.0-build/CMakeFiles/CMakeTmp

Run Build Command:nmake /NOLOGO  "cmTryCompileExec4175607673\fast"
	"D:\Program Files (x86)\Microsoft Visual Studio 10.0\VC\BIN\nmake.exe" -f CMakeFiles\cmTryCompileExec4175607673.dir\build.make /nologo -L                  CMakeFiles\cmTryCompileExec4175607673.dir\build
	"D:\Program Files (x86)\CMake 2.8\bin\cmake.exe" -E cmake_progress_report D:\Projects\expat-2.1.0-build\CMakeFiles\CMakeTmp\CMakeFiles 1
Building C object CMakeFiles/cmTryCompileExec4175607673.dir/CheckFunctionExists.c.obj
	D:\PROGRA~2\MICROS~1.0\VC\bin\cl.exe  @C:\Users\Cihan\AppData\Local\Temp\nmACBF.tmp
CheckFunctionExists.c
Linking C executable cmTryCompileExec4175607673.exe
	"D:\Program Files (x86)\CMake 2.8\bin\cmake.exe" -E vs_link_exe D:\PROGRA~2\MICROS~1.0\VC\bin\link.exe /nologo @CMakeFiles\cmTryCompileExec4175607673.dir\objects1.rsp @C:\Users\Cihan\AppData\Local\Temp\nmACDF.tmp
CheckFunctionExists.c.obj : error LNK2019: unresolved external symbol _bcopy referenced in function _main
cmTryCompileExec4175607673.exe : fatal error LNK1120: 1 unresolved externals
LINK Pass 1 failed. with 1120
NMAKE : fatal error U1077: '"D:\Program Files (x86)\CMake 2.8\bin\cmake.exe"' : return code '0xffffffff'
Stop.
NMAKE : fatal error U1077: '"D:\Program Files (x86)\Microsoft Visual Studio 10.0\VC\BIN\nmake.exe"' : return code '0x2'
Stop.


Determining if the function mmap exists failed with the following output:
Change Dir: D:/Projects/expat-2.1.0-build/CMakeFiles/CMakeTmp

Run Build Command:nmake /NOLOGO  "cmTryCompileExec2673944548\fast"
	"D:\Program Files (x86)\Microsoft Visual Studio 10.0\VC\BIN\nmake.exe" -f CMakeFiles\cmTryCompileExec2673944548.dir\build.make /nologo -L                  CMakeFiles\cmTryCompileExec2673944548.dir\build
	"D:\Program Files (x86)\CMake 2.8\bin\cmake.exe" -E cmake_progress_report D:\Projects\expat-2.1.0-build\CMakeFiles\CMakeTmp\CMakeFiles 1
Building C object CMakeFiles/cmTryCompileExec2673944548.dir/CheckFunctionExists.c.obj
	D:\PROGRA~2\MICROS~1.0\VC\bin\cl.exe  @C:\Users\Cihan\AppData\Local\Temp\nmAF7E.tmp
CheckFunctionExists.c
Linking C executable cmTryCompileExec2673944548.exe
	"D:\Program Files (x86)\CMake 2.8\bin\cmake.exe" -E vs_link_exe D:\PROGRA~2\MICROS~1.0\VC\bin\link.exe /nologo @CMakeFiles\cmTryCompileExec2673944548.dir\objects1.rsp @C:\Users\Cihan\AppData\Local\Temp\nmAF9E.tmp
CheckFunctionExists.c.obj : error LNK2019: unresolved external symbol _mmap referenced in function _main
cmTryCompileExec2673944548.exe : fatal error LNK1120: 1 unresolved externals
LINK Pass 1 failed. with 1120
NMAKE : fatal error U1077: '"D:\Program Files (x86)\CMake 2.8\bin\cmake.exe"' : return code '0xffffffff'
Stop.
NMAKE : fatal error U1077: '"D:\Program Files (x86)\Microsoft Visual Studio 10.0\VC\BIN\nmake.exe"' : return code '0x2'
Stop.


Determining if the system is big endian passed with the following output:
Change Dir: D:/Projects/expat-2.1.0-build/CMakeFiles/CMakeTmp

Run Build Command:nmake /NOLOGO  "cmTryCompileExec711163069\fast"
	"D:\Program Files (x86)\Microsoft Visual Studio 10.0\VC\BIN\nmake.exe" -f CMakeFiles\cmTryCompileExec711163069.dir\build.make /nologo -L                  CMakeFiles\cmTryCompileExec711163069.dir\build
	"D:\Program Files (x86)\CMake 2.8\bin\cmake.exe" -E cmake_progress_report D:\Projects\expat-2.1.0-build\CMakeFiles\CMakeTmp\CMakeFiles 1
Building C object CMakeFiles/cmTryCompileExec711163069.dir/TestEndianess.c.obj
	D:\PROGRA~2\MICROS~1.0\VC\bin\cl.exe  @C:\Users\Cihan\AppData\Local\Temp\nmB4FC.tmp
TestEndianess.c
Linking C executable cmTryCompileExec711163069.exe
	"D:\Program Files (x86)\CMake 2.8\bin\cmake.exe" -E vs_link_exe D:\PROGRA~2\MICROS~1.0\VC\bin\link.exe /nologo @CMakeFiles\cmTryCompileExec711163069.dir\objects1.rsp @C:\Users\Cihan\AppData\Local\Temp\nmB51C.tmp

TestEndianess.c:
/* A 16 bit integer is required. */
typedef unsigned short cmakeint16;

/* On a little endian machine, these 16bit ints will give "THIS IS LITTLE ENDIAN."
   On a big endian machine the characters will be exchanged pairwise. */
const cmakeint16 info_little[] =  {0x4854, 0x5349, 0x4920, 0x2053, 0x494c, 0x5454, 0x454c, 0x4520, 0x444e, 0x4149, 0x2e4e, 0x0000};

/* on a big endian machine, these 16bit ints will give "THIS IS BIG ENDIAN."
   On a little endian machine the characters will be exchanged pairwise. */
const cmakeint16 info_big[] =     {0x5448, 0x4953, 0x2049, 0x5320, 0x4249, 0x4720, 0x454e, 0x4449, 0x414e, 0x2e2e, 0x0000};

#ifdef __CLASSIC_C__
int main(argc, argv) int argc; char *argv[];
#else
int main(int argc, char *argv[])
#endif
{
  int require = 0;
  require += info_little[argc];
  require += info_big[argc];
  (void)argv;
  return require;
}


Determining if the off_t exist failed with the following output:
Change Dir: D:/Projects/expat-2.1.0-build/CMakeFiles/CMakeTmp

Run Build Command:nmake /NOLOGO  "cmTryCompileExec1955490386\fast"
	"D:\Program Files (x86)\Microsoft Visual Studio 10.0\VC\BIN\nmake.exe" -f CMakeFiles\cmTryCompileExec1955490386.dir\build.make /nologo -L                  CMakeFiles\cmTryCompileExec1955490386.dir\build
	"D:\Program Files (x86)\CMake 2.8\bin\cmake.exe" -E cmake_progress_report D:\Projects\expat-2.1.0-build\CMakeFiles\CMakeTmp\CMakeFiles 1
Building C object CMakeFiles/cmTryCompileExec1955490386.dir/CheckSymbolExists.c.obj
	D:\PROGRA~2\MICROS~1.0\VC\bin\cl.exe  @C:\Users\Cihan\AppData\Local\Temp\nmB6C1.tmp
CheckSymbolExists.c
D:\Projects\expat-2.1.0-build\CMakeFiles\CMakeTmp\CheckSymbolExists.c(8) : error C2275: 'off_t' : illegal use of this type as an expression
        D:\Program Files (x86)\Microsoft Visual Studio 10.0\VC\INCLUDE\sys/types.h(91) : see declaration of 'off_t'
NMAKE : fatal error U1077: 'D:\PROGRA~2\MICROS~1.0\VC\bin\cl.exe' : return code '0x2'
Stop.
NMAKE : fatal error U1077: '"D:\Program Files (x86)\Microsoft Visual Studio 10.0\VC\BIN\nmake.exe"' : return code '0x2'
Stop.

File D:/Projects/expat-2.1.0-build/CMakeFiles/CMakeTmp/CheckSymbolExists.c:
/* */
#include <sys/types.h>

int main(int argc, char** argv)
{
  (void)argv;
#ifndef off_t
  return ((int*)(&off_t))[argc];
#else
  (void)argc;
  return 0;
#endif
}

Determining if the size_t exist failed with the following output:
Change Dir: D:/Projects/expat-2.1.0-build/CMakeFiles/CMakeTmp

Run Build Command:nmake /NOLOGO  "cmTryCompileExec3960516068\fast"
	"D:\Program Files (x86)\Microsoft Visual Studio 10.0\VC\BIN\nmake.exe" -f CMakeFiles\cmTryCompileExec3960516068.dir\build.make /nologo -L                  CMakeFiles\cmTryCompileExec3960516068.dir\build
	"D:\Program Files (x86)\CMake 2.8\bin\cmake.exe" -E cmake_progress_report D:\Projects\expat-2.1.0-build\CMakeFiles\CMakeTmp\CMakeFiles 1
Building C object CMakeFiles/cmTryCompileExec3960516068.dir/CheckSymbolExists.c.obj
	D:\PROGRA~2\MICROS~1.0\VC\bin\cl.exe  @C:\Users\Cihan\AppData\Local\Temp\nmB72F.tmp
CheckSymbolExists.c
D:\Projects\expat-2.1.0-build\CMakeFiles\CMakeTmp\CheckSymbolExists.c(8) : error C2065: 'size_t' : undeclared identifier
NMAKE : fatal error U1077: 'D:\PROGRA~2\MICROS~1.0\VC\bin\cl.exe' : return code '0x2'
Stop.
NMAKE : fatal error U1077: '"D:\Program Files (x86)\Microsoft Visual Studio 10.0\VC\BIN\nmake.exe"' : return code '0x2'
Stop.

File D:/Projects/expat-2.1.0-build/CMakeFiles/CMakeTmp/CheckSymbolExists.c:
/* */
#include <sys/types.h>

int main(int argc, char** argv)
{
  (void)argv;
#ifndef size_t
  return ((int*)(&size_t))[argc];
#else
  (void)argc;
  return 0;
#endif
}

